<?xml version="1.0" encoding="UTF-8"?>
<!-- Generated by org.testng.reporters.JUnitReportReporter -->
<testsuite hostname="Mds-MacBook-Pro.local" failures="1" tests="2" name="Qa.CucumberRunner.TestRunner" time="11.192" errors="0" timestamp="2021-03-01T16:00:05 EST" skipped="0">
  <testcase classname="Qa.CucumberRunner.TestRunner" name="runScenario" time="4.606"/>
  <system-out/>
  <testcase classname="Qa.CucumberRunner.TestRunner" name="runScenario" time="6.586">
    <failure message="expected [BUDGET EXPLORER-EXPENSE CHECK] but found [BUDGET EXPLORER-EXPENSE CHECK1]" type="java.lang.AssertionError">
      <![CDATA[java.lang.AssertionError: expected [BUDGET EXPLORER-EXPENSE CHECK] but found [BUDGET EXPLORER-EXPENSE CHECK1]
at org.testng.Assert.fail(Assert.java:99)
at org.testng.Assert.failNotEquals(Assert.java:1037)
at org.testng.Assert.assertEqualsImpl(Assert.java:140)
at org.testng.Assert.assertEquals(Assert.java:122)
at org.testng.Assert.assertEquals(Assert.java:629)
at org.testng.Assert.assertEquals(Assert.java:639)
at Qa.Utility.Verify.It_matches(Verify.java:8)
at Qa.Stepdefs.Expense.ExpensePageSteps.user_able_to_log_in_and_land_on_expense_page(ExpensePageSteps.java:24)
at ✽.User able to log in and land on Expense page(file:///Users/abraartishan/Desktop/TOPA_QA/CODE%20BASE/CUCUMBER_FRAME/INTELLIJ/src/main/java/Qa/Features/Expense/Expense.feature:17)
]]>
    </failure>
  </testcase> <!-- runScenario -->
  <system-out/>
</testsuite> <!-- Qa.CucumberRunner.TestRunner -->
