<?xml version="1.0" encoding="UTF-8"?>
<testng-results ignored="0" total="2" passed="0" failed="2" skipped="0">
  <reporter-output>
  </reporter-output>
<<<<<<< HEAD
  <suite started-at="2021-03-01T15:43:13 EST" name="All Test Suite" finished-at="2021-03-01T15:43:42 EST" duration-ms="29433">
=======
  <suite started-at="2021-02-28T17:24:57 EST" name="All Test Suite" finished-at="2021-02-28T17:25:14 EST" duration-ms="16941">
>>>>>>> 68d0859a25d390ff7560bc5fd0b5ad00d589343e
    <groups>
      <group name="cucumber">
        <method signature="TestRunner.runScenario(io.cucumber.testng.PickleWrapper, io.cucumber.testng.FeatureWrapper)[pri:0, instance:Qa.CucumberRunner.TestRunner@19976a65]" name="runScenario" class="Qa.CucumberRunner.TestRunner"/>
      </group> <!-- cucumber -->
    </groups>
<<<<<<< HEAD
    <test started-at="2021-03-01T15:43:13 EST" name="Smoke Tests" finished-at="2021-03-01T15:43:42 EST" duration-ms="29433">
      <class name="Qa.CucumberRunner.RunCukesTest">
        <test-method is-config="true" signature="springTestContextBeforeTestClass()[pri:0, instance:Qa.CucumberRunner.RunCukesTest@19976a65]" started-at="2021-03-01T15:43:13 EST" name="springTestContextBeforeTestClass" finished-at="2021-03-01T15:43:13 EST" duration-ms="12" status="PASS">
          <reporter-output>
          </reporter-output>
        </test-method> <!-- springTestContextBeforeTestClass -->
        <test-method is-config="true" signature="springTestContextPrepareTestInstance()[pri:0, instance:Qa.CucumberRunner.RunCukesTest@19976a65]" started-at="2021-03-01T15:43:13 EST" name="springTestContextPrepareTestInstance" finished-at="2021-03-01T15:43:13 EST" depends-on-methods="org.springframework.test.context.testng.AbstractTestNGSpringContextTests.springTestContextBeforeTestClass" duration-ms="284" status="PASS">
          <reporter-output>
          </reporter-output>
        </test-method> <!-- springTestContextPrepareTestInstance -->
        <test-method is-config="true" signature="setUpClass()[pri:0, instance:Qa.CucumberRunner.RunCukesTest@19976a65]" started-at="2021-03-01T15:43:13 EST" name="setUpClass" finished-at="2021-03-01T15:43:13 EST" duration-ms="316" status="PASS">
          <reporter-output>
          </reporter-output>
        </test-method> <!-- setUpClass -->
        <test-method is-config="true" signature="springTestContextBeforeTestMethod(java.lang.reflect.Method)[pri:0, instance:Qa.CucumberRunner.RunCukesTest@19976a65]" started-at="2021-03-01T15:43:13 EST" name="springTestContextBeforeTestMethod" finished-at="2021-03-01T15:43:13 EST" duration-ms="2" status="PASS">
=======
    <test started-at="2021-02-28T17:24:57 EST" name="Smoke Tests" finished-at="2021-02-28T17:25:14 EST" duration-ms="16941">
      <class name="Qa.CucumberRunner.TestRunner">
        <test-method is-config="true" signature="springTestContextBeforeTestClass()[pri:0, instance:Qa.CucumberRunner.TestRunner@19976a65]" started-at="2021-02-28T17:24:57 EST" name="springTestContextBeforeTestClass" finished-at="2021-02-28T17:24:57 EST" duration-ms="12" status="PASS">
          <reporter-output>
          </reporter-output>
        </test-method> <!-- springTestContextBeforeTestClass -->
        <test-method is-config="true" signature="springTestContextPrepareTestInstance()[pri:0, instance:Qa.CucumberRunner.TestRunner@19976a65]" started-at="2021-02-28T17:24:57 EST" name="springTestContextPrepareTestInstance" finished-at="2021-02-28T17:24:58 EST" depends-on-methods="org.springframework.test.context.testng.AbstractTestNGSpringContextTests.springTestContextBeforeTestClass" duration-ms="283" status="PASS">
          <reporter-output>
          </reporter-output>
        </test-method> <!-- springTestContextPrepareTestInstance -->
        <test-method is-config="true" signature="setUpClass()[pri:0, instance:Qa.CucumberRunner.TestRunner@19976a65]" started-at="2021-02-28T17:24:58 EST" name="setUpClass" finished-at="2021-02-28T17:24:58 EST" duration-ms="307" status="PASS">
          <reporter-output>
          </reporter-output>
        </test-method> <!-- setUpClass -->
        <test-method is-config="true" signature="springTestContextBeforeTestMethod(java.lang.reflect.Method)[pri:0, instance:Qa.CucumberRunner.TestRunner@19976a65]" started-at="2021-02-28T17:24:58 EST" name="springTestContextBeforeTestMethod" finished-at="2021-02-28T17:24:58 EST" duration-ms="2" status="PASS">
>>>>>>> 68d0859a25d390ff7560bc5fd0b5ad00d589343e
          <params>
            <param index="0">
              <value>
                <![CDATA[public void Qa.CucumberRunner.TestRunner.runScenario(io.cucumber.testng.PickleWrapper,io.cucumber.testng.FeatureWrapper)]]>
              </value>
            </param>
          </params>
          <reporter-output>
          </reporter-output>
        </test-method> <!-- springTestContextBeforeTestMethod -->
<<<<<<< HEAD
        <test-method signature="runScenario(io.cucumber.testng.PickleWrapper, io.cucumber.testng.FeatureWrapper)[pri:0, instance:Qa.CucumberRunner.RunCukesTest@19976a65]" started-at="2021-03-01T15:43:13 EST" name="runScenario" description="Runs Cucumber Scenarios" data-provider="scenarios" finished-at="2021-03-01T15:43:26 EST" duration-ms="13045" status="FAIL">
=======
        <test-method signature="runScenario(io.cucumber.testng.PickleWrapper, io.cucumber.testng.FeatureWrapper)[pri:0, instance:Qa.CucumberRunner.TestRunner@19976a65]" started-at="2021-02-28T17:24:58 EST" name="runScenario" description="Runs Cucumber Scenarios" data-provider="scenarios" finished-at="2021-02-28T17:25:02 EST" duration-ms="4215" status="PASS">
>>>>>>> 68d0859a25d390ff7560bc5fd0b5ad00d589343e
          <params>
            <param index="0">
              <value>
                <![CDATA["User able to create new expense list"]]>
              </value>
            </param>
            <param index="1">
              <value>
                <![CDATA["Optional[User is able to perform Expoense functionality]"]]>
              </value>
            </param>
          </params>
          <exception class="java.lang.AssertionError">
            <message>
              <![CDATA[expected [BUDGET EXPLORER-EXPENSE CHECK] but found [BUDGET EXPLORER-EXPENSE CHECK1]]]>
            </message>
            <full-stacktrace>
              <![CDATA[java.lang.AssertionError: expected [BUDGET EXPLORER-EXPENSE CHECK] but found [BUDGET EXPLORER-EXPENSE CHECK1]
at org.testng.Assert.fail(Assert.java:99)
at org.testng.Assert.failNotEquals(Assert.java:1037)
at org.testng.Assert.assertEqualsImpl(Assert.java:140)
at org.testng.Assert.assertEquals(Assert.java:122)
at org.testng.Assert.assertEquals(Assert.java:629)
at org.testng.Assert.assertEquals(Assert.java:639)
at Qa.Utility.Verify.It_matches(Verify.java:8)
at Qa.Stepdefs.Expense.ExpensePageSteps.user_able_to_log_in_and_land_on_expense_page(ExpensePageSteps.java:25)
at ✽.User able to log in and land on Expense page(file:///Users/abraartishan/Desktop/TOPA_QA/CODE%20BASE/CUCUMBER_FRAME/INTELLIJ/src/main/java/Qa/Features/Expense/Expense.feature:9)
]]>
            </full-stacktrace>
          </exception> <!-- java.lang.AssertionError -->
          <reporter-output>
          </reporter-output>
        </test-method> <!-- runScenario -->
<<<<<<< HEAD
        <test-method is-config="true" signature="springTestContextAfterTestMethod(java.lang.reflect.Method)[pri:0, instance:Qa.CucumberRunner.RunCukesTest@19976a65]" started-at="2021-03-01T15:43:26 EST" name="springTestContextAfterTestMethod" finished-at="2021-03-01T15:43:26 EST" duration-ms="1" status="PASS">
=======
        <test-method is-config="true" signature="springTestContextAfterTestMethod(java.lang.reflect.Method)[pri:0, instance:Qa.CucumberRunner.TestRunner@19976a65]" started-at="2021-02-28T17:25:02 EST" name="springTestContextAfterTestMethod" finished-at="2021-02-28T17:25:02 EST" duration-ms="1" status="PASS">
>>>>>>> 68d0859a25d390ff7560bc5fd0b5ad00d589343e
          <params>
            <param index="0">
              <value>
                <![CDATA[public void Qa.CucumberRunner.TestRunner.runScenario(io.cucumber.testng.PickleWrapper,io.cucumber.testng.FeatureWrapper)]]>
              </value>
            </param>
          </params>
          <reporter-output>
          </reporter-output>
        </test-method> <!-- springTestContextAfterTestMethod -->
<<<<<<< HEAD
        <test-method is-config="true" signature="springTestContextBeforeTestMethod(java.lang.reflect.Method)[pri:0, instance:Qa.CucumberRunner.RunCukesTest@19976a65]" started-at="2021-03-01T15:43:26 EST" name="springTestContextBeforeTestMethod" finished-at="2021-03-01T15:43:26 EST" duration-ms="1" status="PASS">
=======
        <test-method is-config="true" signature="springTestContextBeforeTestMethod(java.lang.reflect.Method)[pri:0, instance:Qa.CucumberRunner.TestRunner@19976a65]" started-at="2021-02-28T17:25:02 EST" name="springTestContextBeforeTestMethod" finished-at="2021-02-28T17:25:02 EST" duration-ms="1" status="PASS">
>>>>>>> 68d0859a25d390ff7560bc5fd0b5ad00d589343e
          <params>
            <param index="0">
              <value>
                <![CDATA[public void Qa.CucumberRunner.TestRunner.runScenario(io.cucumber.testng.PickleWrapper,io.cucumber.testng.FeatureWrapper)]]>
              </value>
            </param>
          </params>
          <reporter-output>
          </reporter-output>
        </test-method> <!-- springTestContextBeforeTestMethod -->
<<<<<<< HEAD
        <test-method signature="runScenario(io.cucumber.testng.PickleWrapper, io.cucumber.testng.FeatureWrapper)[pri:0, instance:Qa.CucumberRunner.RunCukesTest@19976a65]" started-at="2021-03-01T15:43:26 EST" name="runScenario" description="Runs Cucumber Scenarios" data-provider="scenarios" finished-at="2021-03-01T15:43:39 EST" duration-ms="12554" status="FAIL">
=======
        <test-method signature="runScenario(io.cucumber.testng.PickleWrapper, io.cucumber.testng.FeatureWrapper)[pri:0, instance:Qa.CucumberRunner.TestRunner@19976a65]" started-at="2021-02-28T17:25:02 EST" name="runScenario" description="Runs Cucumber Scenarios" data-provider="scenarios" finished-at="2021-02-28T17:25:12 EST" duration-ms="10038" status="PASS">
>>>>>>> 68d0859a25d390ff7560bc5fd0b5ad00d589343e
          <params>
            <param index="0">
              <value>
                <![CDATA["User able to view all the Expense List"]]>
              </value>
            </param>
            <param index="1">
              <value>
                <![CDATA["Optional[User is able to perform Expoense functionality]"]]>
              </value>
            </param>
          </params>
          <exception class="java.lang.AssertionError">
            <message>
              <![CDATA[expected [BUDGET EXPLORER-EXPENSE CHECK] but found [BUDGET EXPLORER-EXPENSE CHECK1]]]>
            </message>
            <full-stacktrace>
              <![CDATA[java.lang.AssertionError: expected [BUDGET EXPLORER-EXPENSE CHECK] but found [BUDGET EXPLORER-EXPENSE CHECK1]
at org.testng.Assert.fail(Assert.java:99)
at org.testng.Assert.failNotEquals(Assert.java:1037)
at org.testng.Assert.assertEqualsImpl(Assert.java:140)
at org.testng.Assert.assertEquals(Assert.java:122)
at org.testng.Assert.assertEquals(Assert.java:629)
at org.testng.Assert.assertEquals(Assert.java:639)
at Qa.Utility.Verify.It_matches(Verify.java:8)
at Qa.Stepdefs.Expense.ExpensePageSteps.user_able_to_log_in_and_land_on_expense_page(ExpensePageSteps.java:25)
at ✽.User able to log in and land on Expense page(file:///Users/abraartishan/Desktop/TOPA_QA/CODE%20BASE/CUCUMBER_FRAME/INTELLIJ/src/main/java/Qa/Features/Expense/Expense.feature:17)
]]>
            </full-stacktrace>
          </exception> <!-- java.lang.AssertionError -->
          <reporter-output>
          </reporter-output>
        </test-method> <!-- runScenario -->
<<<<<<< HEAD
        <test-method is-config="true" signature="springTestContextAfterTestMethod(java.lang.reflect.Method)[pri:0, instance:Qa.CucumberRunner.RunCukesTest@19976a65]" started-at="2021-03-01T15:43:39 EST" name="springTestContextAfterTestMethod" finished-at="2021-03-01T15:43:39 EST" duration-ms="0" status="PASS">
=======
        <test-method is-config="true" signature="springTestContextAfterTestMethod(java.lang.reflect.Method)[pri:0, instance:Qa.CucumberRunner.TestRunner@19976a65]" started-at="2021-02-28T17:25:12 EST" name="springTestContextAfterTestMethod" finished-at="2021-02-28T17:25:12 EST" duration-ms="0" status="PASS">
>>>>>>> 68d0859a25d390ff7560bc5fd0b5ad00d589343e
          <params>
            <param index="0">
              <value>
                <![CDATA[public void Qa.CucumberRunner.TestRunner.runScenario(io.cucumber.testng.PickleWrapper,io.cucumber.testng.FeatureWrapper)]]>
              </value>
            </param>
          </params>
          <reporter-output>
          </reporter-output>
        </test-method> <!-- springTestContextAfterTestMethod -->
<<<<<<< HEAD
        <test-method is-config="true" signature="tearDownClass()[pri:0, instance:Qa.CucumberRunner.RunCukesTest@19976a65]" started-at="2021-03-01T15:43:39 EST" name="tearDownClass" finished-at="2021-03-01T15:43:42 EST" duration-ms="3190" status="PASS">
          <reporter-output>
          </reporter-output>
        </test-method> <!-- tearDownClass -->
        <test-method is-config="true" signature="springTestContextAfterTestClass()[pri:0, instance:Qa.CucumberRunner.RunCukesTest@19976a65]" started-at="2021-03-01T15:43:42 EST" name="springTestContextAfterTestClass" finished-at="2021-03-01T15:43:42 EST" duration-ms="1" status="PASS">
=======
        <test-method is-config="true" signature="tearDownClass()[pri:0, instance:Qa.CucumberRunner.TestRunner@19976a65]" started-at="2021-02-28T17:25:12 EST" name="tearDownClass" finished-at="2021-02-28T17:25:14 EST" duration-ms="2056" status="PASS">
          <reporter-output>
          </reporter-output>
        </test-method> <!-- tearDownClass -->
        <test-method is-config="true" signature="springTestContextAfterTestClass()[pri:0, instance:Qa.CucumberRunner.TestRunner@19976a65]" started-at="2021-02-28T17:25:14 EST" name="springTestContextAfterTestClass" finished-at="2021-02-28T17:25:14 EST" duration-ms="3" status="PASS">
>>>>>>> 68d0859a25d390ff7560bc5fd0b5ad00d589343e
          <reporter-output>
          </reporter-output>
        </test-method> <!-- springTestContextAfterTestClass -->
      </class> <!-- Qa.CucumberRunner.TestRunner -->
    </test> <!-- Smoke Tests -->
  </suite> <!-- All Test Suite -->
</testng-results>
