<?xml version="1.0" encoding="UTF-8"?>
<testng-results ignored="0" total="2" passed="1" failed="1" skipped="0">
  <reporter-output>
  </reporter-output>
  <suite started-at="2021-03-01T15:59:49 EST" name="All Test Suite" finished-at="2021-03-01T16:00:04 EST" duration-ms="14906">
    <groups>
      <group name="cucumber">
        <method signature="TestRunner.runScenario(io.cucumber.testng.PickleWrapper, io.cucumber.testng.FeatureWrapper)[pri:0, instance:Qa.CucumberRunner.TestRunner@19976a65]" name="runScenario" class="Qa.CucumberRunner.TestRunner"/>
      </group> <!-- cucumber -->
    </groups>
    <test started-at="2021-03-01T15:59:49 EST" name="Smoke Tests" finished-at="2021-03-01T16:00:04 EST" duration-ms="14906">
      <class name="Qa.CucumberRunner.TestRunner">
        <test-method is-config="true" signature="springTestContextBeforeTestClass()[pri:0, instance:Qa.CucumberRunner.TestRunner@19976a65]" started-at="2021-03-01T15:59:50 EST" name="springTestContextBeforeTestClass" finished-at="2021-03-01T15:59:50 EST" duration-ms="10" status="PASS">
          <reporter-output>
          </reporter-output>
        </test-method> <!-- springTestContextBeforeTestClass -->
        <test-method is-config="true" signature="springTestContextPrepareTestInstance()[pri:0, instance:Qa.CucumberRunner.TestRunner@19976a65]" started-at="2021-03-01T15:59:50 EST" name="springTestContextPrepareTestInstance" finished-at="2021-03-01T15:59:50 EST" depends-on-methods="org.springframework.test.context.testng.AbstractTestNGSpringContextTests.springTestContextBeforeTestClass" duration-ms="303" status="PASS">
          <reporter-output>
          </reporter-output>
        </test-method> <!-- springTestContextPrepareTestInstance -->
        <test-method is-config="true" signature="setUpClass()[pri:0, instance:Qa.CucumberRunner.TestRunner@19976a65]" started-at="2021-03-01T15:59:50 EST" name="setUpClass" finished-at="2021-03-01T15:59:50 EST" duration-ms="362" status="PASS">
          <reporter-output>
          </reporter-output>
        </test-method> <!-- setUpClass -->
        <test-method is-config="true" signature="springTestContextBeforeTestMethod(java.lang.reflect.Method)[pri:0, instance:Qa.CucumberRunner.TestRunner@19976a65]" started-at="2021-03-01T15:59:50 EST" name="springTestContextBeforeTestMethod" finished-at="2021-03-01T15:59:50 EST" duration-ms="1" status="PASS">
          <params>
            <param index="0">
              <value>
                <![CDATA[public void Qa.CucumberRunner.TestRunner.runScenario(io.cucumber.testng.PickleWrapper,io.cucumber.testng.FeatureWrapper)]]>
              </value>
            </param>
          </params>
          <reporter-output>
          </reporter-output>
        </test-method> <!-- springTestContextBeforeTestMethod -->
        <test-method signature="runScenario(io.cucumber.testng.PickleWrapper, io.cucumber.testng.FeatureWrapper)[pri:0, instance:Qa.CucumberRunner.TestRunner@19976a65]" started-at="2021-03-01T15:59:50 EST" name="runScenario" description="Runs Cucumber Scenarios" data-provider="scenarios" finished-at="2021-03-01T15:59:55 EST" duration-ms="4605" status="PASS">
          <params>
            <param index="0">
              <value>
                <![CDATA["User able to create new expense list"]]>
              </value>
            </param>
            <param index="1">
              <value>
                <![CDATA["Optional[User is able to perform Expoense functionality]"]]>
              </value>
            </param>
          </params>
          <reporter-output>
          </reporter-output>
        </test-method> <!-- runScenario -->
        <test-method is-config="true" signature="springTestContextAfterTestMethod(java.lang.reflect.Method)[pri:0, instance:Qa.CucumberRunner.TestRunner@19976a65]" started-at="2021-03-01T15:59:55 EST" name="springTestContextAfterTestMethod" finished-at="2021-03-01T15:59:55 EST" duration-ms="0" status="PASS">
          <params>
            <param index="0">
              <value>
                <![CDATA[public void Qa.CucumberRunner.TestRunner.runScenario(io.cucumber.testng.PickleWrapper,io.cucumber.testng.FeatureWrapper)]]>
              </value>
            </param>
          </params>
          <reporter-output>
          </reporter-output>
        </test-method> <!-- springTestContextAfterTestMethod -->
        <test-method is-config="true" signature="springTestContextBeforeTestMethod(java.lang.reflect.Method)[pri:0, instance:Qa.CucumberRunner.TestRunner@19976a65]" started-at="2021-03-01T15:59:55 EST" name="springTestContextBeforeTestMethod" finished-at="2021-03-01T15:59:55 EST" duration-ms="0" status="PASS">
          <params>
            <param index="0">
              <value>
                <![CDATA[public void Qa.CucumberRunner.TestRunner.runScenario(io.cucumber.testng.PickleWrapper,io.cucumber.testng.FeatureWrapper)]]>
              </value>
            </param>
          </params>
          <reporter-output>
          </reporter-output>
        </test-method> <!-- springTestContextBeforeTestMethod -->
        <test-method signature="runScenario(io.cucumber.testng.PickleWrapper, io.cucumber.testng.FeatureWrapper)[pri:0, instance:Qa.CucumberRunner.TestRunner@19976a65]" started-at="2021-03-01T15:59:55 EST" name="runScenario" description="Runs Cucumber Scenarios" data-provider="scenarios" finished-at="2021-03-01T16:00:01 EST" duration-ms="6585" status="FAIL">
          <params>
            <param index="0">
              <value>
                <![CDATA["User able to view all the Expense List"]]>
              </value>
            </param>
            <param index="1">
              <value>
                <![CDATA["Optional[User is able to perform Expoense functionality]"]]>
              </value>
            </param>
          </params>
          <exception class="java.lang.AssertionError">
            <message>
              <![CDATA[expected [BUDGET EXPLORER-EXPENSE CHECK] but found [BUDGET EXPLORER-EXPENSE CHECK1]]]>
            </message>
            <full-stacktrace>
              <![CDATA[java.lang.AssertionError: expected [BUDGET EXPLORER-EXPENSE CHECK] but found [BUDGET EXPLORER-EXPENSE CHECK1]
at org.testng.Assert.fail(Assert.java:99)
at org.testng.Assert.failNotEquals(Assert.java:1037)
at org.testng.Assert.assertEqualsImpl(Assert.java:140)
at org.testng.Assert.assertEquals(Assert.java:122)
at org.testng.Assert.assertEquals(Assert.java:629)
at org.testng.Assert.assertEquals(Assert.java:639)
at Qa.Utility.Verify.It_matches(Verify.java:8)
at Qa.Stepdefs.Expense.ExpensePageSteps.user_able_to_log_in_and_land_on_expense_page(ExpensePageSteps.java:24)
at ✽.User able to log in and land on Expense page(file:///Users/abraartishan/Desktop/TOPA_QA/CODE%20BASE/CUCUMBER_FRAME/INTELLIJ/src/main/java/Qa/Features/Expense/Expense.feature:17)
]]>
            </full-stacktrace>
          </exception> <!-- java.lang.AssertionError -->
          <reporter-output>
          </reporter-output>
        </test-method> <!-- runScenario -->
        <test-method is-config="true" signature="springTestContextAfterTestMethod(java.lang.reflect.Method)[pri:0, instance:Qa.CucumberRunner.TestRunner@19976a65]" started-at="2021-03-01T16:00:01 EST" name="springTestContextAfterTestMethod" finished-at="2021-03-01T16:00:01 EST" duration-ms="1" status="PASS">
          <params>
            <param index="0">
              <value>
                <![CDATA[public void Qa.CucumberRunner.TestRunner.runScenario(io.cucumber.testng.PickleWrapper,io.cucumber.testng.FeatureWrapper)]]>
              </value>
            </param>
          </params>
          <reporter-output>
          </reporter-output>
        </test-method> <!-- springTestContextAfterTestMethod -->
        <test-method is-config="true" signature="tearDownClass()[pri:0, instance:Qa.CucumberRunner.TestRunner@19976a65]" started-at="2021-03-01T16:00:01 EST" name="tearDownClass" finished-at="2021-03-01T16:00:04 EST" duration-ms="3002" status="PASS">
          <reporter-output>
          </reporter-output>
        </test-method> <!-- tearDownClass -->
        <test-method is-config="true" signature="springTestContextAfterTestClass()[pri:0, instance:Qa.CucumberRunner.TestRunner@19976a65]" started-at="2021-03-01T16:00:04 EST" name="springTestContextAfterTestClass" finished-at="2021-03-01T16:00:04 EST" duration-ms="1" status="PASS">
          <reporter-output>
          </reporter-output>
        </test-method> <!-- springTestContextAfterTestClass -->
      </class> <!-- Qa.CucumberRunner.TestRunner -->
    </test> <!-- Smoke Tests -->
  </suite> <!-- All Test Suite -->
</testng-results>
