-------------------------------------------------------------------------------
Test set: TestSuite
-------------------------------------------------------------------------------
Tests run: 2, Failures: 1, Errors: 0, Skipped: 0, Time elapsed: 15.863 s <<< FAILURE! - in TestSuite
Qa.CucumberRunner.TestRunner.runScenario  Time elapsed: 6.592 s  <<< FAILURE!
java.lang.AssertionError: expected [BUDGET EXPLORER-EXPENSE CHECK] but found [BUDGET EXPLORER-EXPENSE CHECK1]

