<?xml version="1.0" encoding="UTF-8"?>
<testng-results ignored="0" total="2" passed="0" failed="2" skipped="0">
  <reporter-output>
  </reporter-output>
  <suite started-at="2021-11-09T17:21:10 EST" name="All Test Suite" finished-at="2021-11-09T17:21:16 EST" duration-ms="6318">
    <groups>
      <group name="cucumber">
        <method signature="TestRunner.runScenario(io.cucumber.testng.PickleWrapper, io.cucumber.testng.FeatureWrapper)[pri:0, instance:Qa.CucumberRunner.TestRunner@4b2c5e02]" name="runScenario" class="Qa.CucumberRunner.TestRunner"/>
      </group> <!-- cucumber -->
    </groups>
    <test started-at="2021-11-09T17:21:10 EST" name="Smoke Tests" finished-at="2021-11-09T17:21:16 EST" duration-ms="6318">
      <class name="Qa.CucumberRunner.TestRunner">
        <test-method is-config="true" signature="springTestContextBeforeTestClass()[pri:0, instance:Qa.CucumberRunner.TestRunner@4b2c5e02]" started-at="2021-11-09T17:21:10 EST" name="springTestContextBeforeTestClass" finished-at="2021-11-09T17:21:10 EST" duration-ms="11" status="PASS">
          <reporter-output>
          </reporter-output>
        </test-method> <!-- springTestContextBeforeTestClass -->
        <test-method is-config="true" signature="springTestContextPrepareTestInstance()[pri:0, instance:Qa.CucumberRunner.TestRunner@4b2c5e02]" started-at="2021-11-09T17:21:10 EST" name="springTestContextPrepareTestInstance" finished-at="2021-11-09T17:21:10 EST" depends-on-methods="org.springframework.test.context.testng.AbstractTestNGSpringContextTests.springTestContextBeforeTestClass" duration-ms="280" status="PASS">
          <reporter-output>
          </reporter-output>
        </test-method> <!-- springTestContextPrepareTestInstance -->
        <test-method is-config="true" signature="setUpClass()[pri:0, instance:Qa.CucumberRunner.TestRunner@4b2c5e02]" started-at="2021-11-09T17:21:10 EST" name="setUpClass" finished-at="2021-11-09T17:21:11 EST" duration-ms="317" status="PASS">
          <reporter-output>
          </reporter-output>
        </test-method> <!-- setUpClass -->
        <test-method is-config="true" signature="springTestContextBeforeTestMethod(java.lang.reflect.Method)[pri:0, instance:Qa.CucumberRunner.TestRunner@4b2c5e02]" started-at="2021-11-09T17:21:11 EST" name="springTestContextBeforeTestMethod" finished-at="2021-11-09T17:21:11 EST" duration-ms="2" status="PASS">
          <params>
            <param index="0">
              <value>
                <![CDATA[public void Qa.CucumberRunner.TestRunner.runScenario(io.cucumber.testng.PickleWrapper,io.cucumber.testng.FeatureWrapper)]]>
              </value>
            </param>
          </params>
          <reporter-output>
          </reporter-output>
        </test-method> <!-- springTestContextBeforeTestMethod -->
        <test-method signature="runScenario(io.cucumber.testng.PickleWrapper, io.cucumber.testng.FeatureWrapper)[pri:0, instance:Qa.CucumberRunner.TestRunner@4b2c5e02]" started-at="2021-11-09T17:21:11 EST" name="runScenario" description="Runs Cucumber Scenarios" data-provider="scenarios" finished-at="2021-11-09T17:21:13 EST" duration-ms="2395" status="FAIL">
          <params>
            <param index="0">
              <value>
                <![CDATA["User able to create new expense list"]]>
              </value>
            </param>
            <param index="1">
              <value>
                <![CDATA["Optional[User is able to perform Expoense functionality]"]]>
              </value>
            </param>
          </params>
          <exception class="org.openqa.selenium.SessionNotCreatedException">
            <message>
              <![CDATA[session not created: This version of ChromeDriver only supports Chrome version 93
Current browser version is 95.0.4638.69 with binary path /Applications/Google Chrome.app/Contents/MacOS/Google Chrome
Build info: version: '3.141.5', revision: 'd54ebd709a', time: '2018-11-06T11:42:16'
System info: host: 'Mds-MacBook-Pro.local', ip: '2601:140:8b00:4090:3af9:d3ff:feb4:59c4%en0', os.name: 'Mac OS X', os.arch: 'x86_64', os.version: '10.16', java.version: '12.0.1'
Driver info: driver.version: ChromeDriver
remote stacktrace: 0   chromedriver                        0x000000010ec536d9 chromedriver + 2758361
1   chromedriver                        0x000000010f306893 chromedriver + 9783443
2   chromedriver                        0x000000010e9dead8 chromedriver + 183000
3   chromedriver                        0x000000010ea047e5 chromedriver + 337893
4   chromedriver                        0x000000010ea00403 chromedriver + 320515
5   chromedriver                        0x000000010e9fcb16 chromedriver + 305942
6   chromedriver                        0x000000010ea35a82 chromedriver + 539266
7   chromedriver                        0x000000010ea2fd43 chromedriver + 515395
8   chromedriver                        0x000000010ea06a0e chromedriver + 346638
9   chromedriver                        0x000000010ea07c75 chromedriver + 351349
10  chromedriver                        0x000000010ec1a1df chromedriver + 2523615
11  chromedriver                        0x000000010ec2c9f2 chromedriver + 2599410
12  chromedriver                        0x000000010ebff02b chromedriver + 2412587
13  chromedriver                        0x000000010ec2de1a chromedriver + 2604570
14  chromedriver                        0x000000010ec0f96c chromedriver + 2480492
15  chromedriver                        0x000000010ec47d38 chromedriver + 2710840
16  chromedriver                        0x000000010ec47ec1 chromedriver + 2711233
17  chromedriver                        0x000000010ec586f8 chromedriver + 2778872
18  libsystem_pthread.dylib             0x00007ff813eda514 _pthread_start + 125
19  libsystem_pthread.dylib             0x00007ff813ed602f thread_start + 15
]]>
            </message>
            <full-stacktrace>
              <![CDATA[org.openqa.selenium.SessionNotCreatedException: session not created: This version of ChromeDriver only supports Chrome version 93
Current browser version is 95.0.4638.69 with binary path /Applications/Google Chrome.app/Contents/MacOS/Google Chrome
Build info: version: '3.141.5', revision: 'd54ebd709a', time: '2018-11-06T11:42:16'
System info: host: 'Mds-MacBook-Pro.local', ip: '2601:140:8b00:4090:3af9:d3ff:feb4:59c4%en0', os.name: 'Mac OS X', os.arch: 'x86_64', os.version: '10.16', java.version: '12.0.1'
Driver info: driver.version: ChromeDriver
remote stacktrace: 0   chromedriver                        0x000000010ec536d9 chromedriver + 2758361
1   chromedriver                        0x000000010f306893 chromedriver + 9783443
2   chromedriver                        0x000000010e9dead8 chromedriver + 183000
3   chromedriver                        0x000000010ea047e5 chromedriver + 337893
4   chromedriver                        0x000000010ea00403 chromedriver + 320515
5   chromedriver                        0x000000010e9fcb16 chromedriver + 305942
6   chromedriver                        0x000000010ea35a82 chromedriver + 539266
7   chromedriver                        0x000000010ea2fd43 chromedriver + 515395
8   chromedriver                        0x000000010ea06a0e chromedriver + 346638
9   chromedriver                        0x000000010ea07c75 chromedriver + 351349
10  chromedriver                        0x000000010ec1a1df chromedriver + 2523615
11  chromedriver                        0x000000010ec2c9f2 chromedriver + 2599410
12  chromedriver                        0x000000010ebff02b chromedriver + 2412587
13  chromedriver                        0x000000010ec2de1a chromedriver + 2604570
14  chromedriver                        0x000000010ec0f96c chromedriver + 2480492
15  chromedriver                        0x000000010ec47d38 chromedriver + 2710840
16  chromedriver                        0x000000010ec47ec1 chromedriver + 2711233
17  chromedriver                        0x000000010ec586f8 chromedriver + 2778872
18  libsystem_pthread.dylib             0x00007ff813eda514 _pthread_start + 125
19  libsystem_pthread.dylib             0x00007ff813ed602f thread_start + 15

at java.base/jdk.internal.reflect.NativeConstructorAccessorImpl.newInstance0(Native Method)
at java.base/jdk.internal.reflect.NativeConstructorAccessorImpl.newInstance(NativeConstructorAccessorImpl.java:62)
at java.base/jdk.internal.reflect.DelegatingConstructorAccessorImpl.newInstance(DelegatingConstructorAccessorImpl.java:45)
at java.base/java.lang.reflect.Constructor.newInstanceWithCaller(Constructor.java:500)
at java.base/java.lang.reflect.Constructor.newInstance(Constructor.java:481)
at org.openqa.selenium.remote.W3CHandshakeResponse.lambda$errorHandler$0(W3CHandshakeResponse.java:62)
at org.openqa.selenium.remote.HandshakeResponse.lambda$getResponseFunction$0(HandshakeResponse.java:30)
at org.openqa.selenium.remote.ProtocolHandshake.lambda$createSession$0(ProtocolHandshake.java:123)
at java.base/java.util.stream.ReferencePipeline$3$1.accept(ReferencePipeline.java:195)
at java.base/java.util.Spliterators$ArraySpliterator.tryAdvance(Spliterators.java:958)
at java.base/java.util.stream.ReferencePipeline.forEachWithCancel(ReferencePipeline.java:127)
at java.base/java.util.stream.AbstractPipeline.copyIntoWithCancel(AbstractPipeline.java:502)
at java.base/java.util.stream.AbstractPipeline.copyInto(AbstractPipeline.java:488)
at java.base/java.util.stream.AbstractPipeline.wrapAndCopyInto(AbstractPipeline.java:474)
at java.base/java.util.stream.FindOps$FindOp.evaluateSequential(FindOps.java:150)
at java.base/java.util.stream.AbstractPipeline.evaluate(AbstractPipeline.java:234)
at java.base/java.util.stream.ReferencePipeline.findFirst(ReferencePipeline.java:543)
at org.openqa.selenium.remote.ProtocolHandshake.createSession(ProtocolHandshake.java:125)
at org.openqa.selenium.remote.ProtocolHandshake.createSession(ProtocolHandshake.java:74)
at org.openqa.selenium.remote.HttpCommandExecutor.execute(HttpCommandExecutor.java:136)
at org.openqa.selenium.remote.service.DriverCommandExecutor.execute(DriverCommandExecutor.java:83)
at org.openqa.selenium.remote.RemoteWebDriver.execute(RemoteWebDriver.java:552)
at org.openqa.selenium.remote.RemoteWebDriver.startSession(RemoteWebDriver.java:213)
at org.openqa.selenium.remote.RemoteWebDriver.<init>(RemoteWebDriver.java:131)
at org.openqa.selenium.chrome.ChromeDriver.<init>(ChromeDriver.java:181)
at org.openqa.selenium.chrome.ChromeDriver.<init>(ChromeDriver.java:168)
at org.openqa.selenium.chrome.ChromeDriver.<init>(ChromeDriver.java:123)
at Qa.Utility.DriverFactory.initLocalDriver(DriverFactory.java:112)
at Qa.Stepdefs.Hook.setUp(Hook.java:28)
]]>
            </full-stacktrace>
          </exception> <!-- org.openqa.selenium.SessionNotCreatedException -->
          <reporter-output>
          </reporter-output>
        </test-method> <!-- runScenario -->
        <test-method is-config="true" signature="springTestContextAfterTestMethod(java.lang.reflect.Method)[pri:0, instance:Qa.CucumberRunner.TestRunner@4b2c5e02]" started-at="2021-11-09T17:21:13 EST" name="springTestContextAfterTestMethod" finished-at="2021-11-09T17:21:13 EST" duration-ms="3" status="PASS">
          <params>
            <param index="0">
              <value>
                <![CDATA[public void Qa.CucumberRunner.TestRunner.runScenario(io.cucumber.testng.PickleWrapper,io.cucumber.testng.FeatureWrapper)]]>
              </value>
            </param>
          </params>
          <reporter-output>
          </reporter-output>
        </test-method> <!-- springTestContextAfterTestMethod -->
        <test-method is-config="true" signature="springTestContextBeforeTestMethod(java.lang.reflect.Method)[pri:0, instance:Qa.CucumberRunner.TestRunner@4b2c5e02]" started-at="2021-11-09T17:21:13 EST" name="springTestContextBeforeTestMethod" finished-at="2021-11-09T17:21:13 EST" duration-ms="1" status="PASS">
          <params>
            <param index="0">
              <value>
                <![CDATA[public void Qa.CucumberRunner.TestRunner.runScenario(io.cucumber.testng.PickleWrapper,io.cucumber.testng.FeatureWrapper)]]>
              </value>
            </param>
          </params>
          <reporter-output>
          </reporter-output>
        </test-method> <!-- springTestContextBeforeTestMethod -->
        <test-method signature="runScenario(io.cucumber.testng.PickleWrapper, io.cucumber.testng.FeatureWrapper)[pri:0, instance:Qa.CucumberRunner.TestRunner@4b2c5e02]" started-at="2021-11-09T17:21:13 EST" name="runScenario" description="Runs Cucumber Scenarios" data-provider="scenarios" finished-at="2021-11-09T17:21:15 EST" duration-ms="1613" status="FAIL">
          <params>
            <param index="0">
              <value>
                <![CDATA["User able to view all the Expense List"]]>
              </value>
            </param>
            <param index="1">
              <value>
                <![CDATA["Optional[User is able to perform Expoense functionality]"]]>
              </value>
            </param>
          </params>
          <exception class="org.openqa.selenium.SessionNotCreatedException">
            <message>
              <![CDATA[session not created: This version of ChromeDriver only supports Chrome version 93
Current browser version is 95.0.4638.69 with binary path /Applications/Google Chrome.app/Contents/MacOS/Google Chrome
Build info: version: '3.141.5', revision: 'd54ebd709a', time: '2018-11-06T11:42:16'
System info: host: 'Mds-MacBook-Pro.local', ip: '2601:140:8b00:4090:3af9:d3ff:feb4:59c4%en0', os.name: 'Mac OS X', os.arch: 'x86_64', os.version: '10.16', java.version: '12.0.1'
Driver info: driver.version: ChromeDriver
remote stacktrace: 0   chromedriver                        0x000000010d0e36d9 chromedriver + 2758361
1   chromedriver                        0x000000010d796893 chromedriver + 9783443
2   chromedriver                        0x000000010ce6ead8 chromedriver + 183000
3   chromedriver                        0x000000010ce947e5 chromedriver + 337893
4   chromedriver                        0x000000010ce90403 chromedriver + 320515
5   chromedriver                        0x000000010ce8cb16 chromedriver + 305942
6   chromedriver                        0x000000010cec5a82 chromedriver + 539266
7   chromedriver                        0x000000010cebfd43 chromedriver + 515395
8   chromedriver                        0x000000010ce96a0e chromedriver + 346638
9   chromedriver                        0x000000010ce97c75 chromedriver + 351349
10  chromedriver                        0x000000010d0aa1df chromedriver + 2523615
11  chromedriver                        0x000000010d0bc9f2 chromedriver + 2599410
12  chromedriver                        0x000000010d08f02b chromedriver + 2412587
13  chromedriver                        0x000000010d0bde1a chromedriver + 2604570
14  chromedriver                        0x000000010d09f96c chromedriver + 2480492
15  chromedriver                        0x000000010d0d7d38 chromedriver + 2710840
16  chromedriver                        0x000000010d0d7ec1 chromedriver + 2711233
17  chromedriver                        0x000000010d0e86f8 chromedriver + 2778872
18  libsystem_pthread.dylib             0x00007ff813eda514 _pthread_start + 125
19  libsystem_pthread.dylib             0x00007ff813ed602f thread_start + 15
]]>
            </message>
            <full-stacktrace>
              <![CDATA[org.openqa.selenium.SessionNotCreatedException: session not created: This version of ChromeDriver only supports Chrome version 93
Current browser version is 95.0.4638.69 with binary path /Applications/Google Chrome.app/Contents/MacOS/Google Chrome
Build info: version: '3.141.5', revision: 'd54ebd709a', time: '2018-11-06T11:42:16'
System info: host: 'Mds-MacBook-Pro.local', ip: '2601:140:8b00:4090:3af9:d3ff:feb4:59c4%en0', os.name: 'Mac OS X', os.arch: 'x86_64', os.version: '10.16', java.version: '12.0.1'
Driver info: driver.version: ChromeDriver
remote stacktrace: 0   chromedriver                        0x000000010d0e36d9 chromedriver + 2758361
1   chromedriver                        0x000000010d796893 chromedriver + 9783443
2   chromedriver                        0x000000010ce6ead8 chromedriver + 183000
3   chromedriver                        0x000000010ce947e5 chromedriver + 337893
4   chromedriver                        0x000000010ce90403 chromedriver + 320515
5   chromedriver                        0x000000010ce8cb16 chromedriver + 305942
6   chromedriver                        0x000000010cec5a82 chromedriver + 539266
7   chromedriver                        0x000000010cebfd43 chromedriver + 515395
8   chromedriver                        0x000000010ce96a0e chromedriver + 346638
9   chromedriver                        0x000000010ce97c75 chromedriver + 351349
10  chromedriver                        0x000000010d0aa1df chromedriver + 2523615
11  chromedriver                        0x000000010d0bc9f2 chromedriver + 2599410
12  chromedriver                        0x000000010d08f02b chromedriver + 2412587
13  chromedriver                        0x000000010d0bde1a chromedriver + 2604570
14  chromedriver                        0x000000010d09f96c chromedriver + 2480492
15  chromedriver                        0x000000010d0d7d38 chromedriver + 2710840
16  chromedriver                        0x000000010d0d7ec1 chromedriver + 2711233
17  chromedriver                        0x000000010d0e86f8 chromedriver + 2778872
18  libsystem_pthread.dylib             0x00007ff813eda514 _pthread_start + 125
19  libsystem_pthread.dylib             0x00007ff813ed602f thread_start + 15

at java.base/jdk.internal.reflect.NativeConstructorAccessorImpl.newInstance0(Native Method)
at java.base/jdk.internal.reflect.NativeConstructorAccessorImpl.newInstance(NativeConstructorAccessorImpl.java:62)
at java.base/jdk.internal.reflect.DelegatingConstructorAccessorImpl.newInstance(DelegatingConstructorAccessorImpl.java:45)
at java.base/java.lang.reflect.Constructor.newInstanceWithCaller(Constructor.java:500)
at java.base/java.lang.reflect.Constructor.newInstance(Constructor.java:481)
at org.openqa.selenium.remote.W3CHandshakeResponse.lambda$errorHandler$0(W3CHandshakeResponse.java:62)
at org.openqa.selenium.remote.HandshakeResponse.lambda$getResponseFunction$0(HandshakeResponse.java:30)
at org.openqa.selenium.remote.ProtocolHandshake.lambda$createSession$0(ProtocolHandshake.java:123)
at java.base/java.util.stream.ReferencePipeline$3$1.accept(ReferencePipeline.java:195)
at java.base/java.util.Spliterators$ArraySpliterator.tryAdvance(Spliterators.java:958)
at java.base/java.util.stream.ReferencePipeline.forEachWithCancel(ReferencePipeline.java:127)
at java.base/java.util.stream.AbstractPipeline.copyIntoWithCancel(AbstractPipeline.java:502)
at java.base/java.util.stream.AbstractPipeline.copyInto(AbstractPipeline.java:488)
at java.base/java.util.stream.AbstractPipeline.wrapAndCopyInto(AbstractPipeline.java:474)
at java.base/java.util.stream.FindOps$FindOp.evaluateSequential(FindOps.java:150)
at java.base/java.util.stream.AbstractPipeline.evaluate(AbstractPipeline.java:234)
at java.base/java.util.stream.ReferencePipeline.findFirst(ReferencePipeline.java:543)
at org.openqa.selenium.remote.ProtocolHandshake.createSession(ProtocolHandshake.java:125)
at org.openqa.selenium.remote.ProtocolHandshake.createSession(ProtocolHandshake.java:74)
at org.openqa.selenium.remote.HttpCommandExecutor.execute(HttpCommandExecutor.java:136)
at org.openqa.selenium.remote.service.DriverCommandExecutor.execute(DriverCommandExecutor.java:83)
at org.openqa.selenium.remote.RemoteWebDriver.execute(RemoteWebDriver.java:552)
at org.openqa.selenium.remote.RemoteWebDriver.startSession(RemoteWebDriver.java:213)
at org.openqa.selenium.remote.RemoteWebDriver.<init>(RemoteWebDriver.java:131)
at org.openqa.selenium.chrome.ChromeDriver.<init>(ChromeDriver.java:181)
at org.openqa.selenium.chrome.ChromeDriver.<init>(ChromeDriver.java:168)
at org.openqa.selenium.chrome.ChromeDriver.<init>(ChromeDriver.java:123)
at Qa.Utility.DriverFactory.initLocalDriver(DriverFactory.java:112)
at Qa.Stepdefs.Hook.setUp(Hook.java:28)
]]>
            </full-stacktrace>
          </exception> <!-- org.openqa.selenium.SessionNotCreatedException -->
          <reporter-output>
          </reporter-output>
        </test-method> <!-- runScenario -->
        <test-method is-config="true" signature="springTestContextAfterTestMethod(java.lang.reflect.Method)[pri:0, instance:Qa.CucumberRunner.TestRunner@4b2c5e02]" started-at="2021-11-09T17:21:15 EST" name="springTestContextAfterTestMethod" finished-at="2021-11-09T17:21:15 EST" duration-ms="1" status="PASS">
          <params>
            <param index="0">
              <value>
                <![CDATA[public void Qa.CucumberRunner.TestRunner.runScenario(io.cucumber.testng.PickleWrapper,io.cucumber.testng.FeatureWrapper)]]>
              </value>
            </param>
          </params>
          <reporter-output>
          </reporter-output>
        </test-method> <!-- springTestContextAfterTestMethod -->
        <test-method is-config="true" signature="tearDownClass()[pri:0, instance:Qa.CucumberRunner.TestRunner@4b2c5e02]" started-at="2021-11-09T17:21:15 EST" name="tearDownClass" finished-at="2021-11-09T17:21:16 EST" duration-ms="1653" status="PASS">
          <reporter-output>
          </reporter-output>
        </test-method> <!-- tearDownClass -->
        <test-method is-config="true" signature="springTestContextAfterTestClass()[pri:0, instance:Qa.CucumberRunner.TestRunner@4b2c5e02]" started-at="2021-11-09T17:21:16 EST" name="springTestContextAfterTestClass" finished-at="2021-11-09T17:21:16 EST" duration-ms="1" status="PASS">
          <reporter-output>
          </reporter-output>
        </test-method> <!-- springTestContextAfterTestClass -->
      </class> <!-- Qa.CucumberRunner.TestRunner -->
    </test> <!-- Smoke Tests -->
  </suite> <!-- All Test Suite -->
</testng-results>
