<?xml version="1.0" encoding="UTF-8"?>
<testsuite xmlns:xsi="http://www.w3.org/2001/XMLSchema-instance" xsi:noNamespaceSchemaLocation="https://maven.apache.org/surefire/maven-surefire-plugin/xsd/surefire-test-report-3.0.xsd" version="3.0" name="TestSuite" time="7.266" tests="2" errors="0" skipped="0" failures="2">
  <properties>
[...]
</properties>
  <testcase name="runScenario" classname="Qa.CucumberRunner.TestRunner" time="2.497">
    <failure message="session not created: This version of ChromeDriver only supports Chrome version 93&#10;Current browser version is 95.0.4638.69 with binary path /Applications/Google Chrome.app/Contents/MacOS/Google Chrome&#10;Build info: version: &apos;3.141.5&apos;, revision: &apos;d54ebd709a&apos;, time: &apos;2018-11-06T11:42:16&apos;&#10;System info: host: &apos;Mds-MacBook-Pro.local&apos;, ip: &apos;2601:140:8b00:4090:3af9:d3ff:feb4:59c4%en0&apos;, os.name: &apos;Mac OS X&apos;, os.arch: &apos;x86_64&apos;, os.version: &apos;10.16&apos;, java.version: &apos;12.0.1&apos;&#10;Driver info: driver.version: ChromeDriver&#10;remote stacktrace: 0   chromedriver                        0x000000010ec536d9 chromedriver + 2758361&#10;1   chromedriver                        0x000000010f306893 chromedriver + 9783443&#10;2   chromedriver                        0x000000010e9dead8 chromedriver + 183000&#10;3   chromedriver                        0x000000010ea047e5 chromedriver + 337893&#10;4   chromedriver                        0x000000010ea00403 chromedriver + 320515&#10;5   chromedriver                        0x000000010e9fcb16 chromedriver + 305942&#10;6   chromedriver                        0x000000010ea35a82 chromedriver + 539266&#10;7   chromedriver                        0x000000010ea2fd43 chromedriver + 515395&#10;8   chromedriver                        0x000000010ea06a0e chromedriver + 346638&#10;9   chromedriver                        0x000000010ea07c75 chromedriver + 351349&#10;10  chromedriver                        0x000000010ec1a1df chromedriver + 2523615&#10;11  chromedriver                        0x000000010ec2c9f2 chromedriver + 2599410&#10;12  chromedriver                        0x000000010ebff02b chromedriver + 2412587&#10;13  chromedriver                        0x000000010ec2de1a chromedriver + 2604570&#10;14  chromedriver                        0x000000010ec0f96c chromedriver + 2480492&#10;15  chromedriver                        0x000000010ec47d38 chromedriver + 2710840&#10;16  chromedriver                        0x000000010ec47ec1 chromedriver + 2711233&#10;17  chromedriver                        0x000000010ec586f8 chromedriver + 2778872&#10;18  libsystem_pthread.dylib             0x00007ff813eda514 _pthread_start + 125&#10;19  libsystem_pthread.dylib             0x00007ff813ed602f thread_start + 15&#10;" type="org.openqa.selenium.SessionNotCreatedException"><![CDATA[org.openqa.selenium.SessionNotCreatedException: 
session not created: This version of ChromeDriver only supports Chrome version 93
Current browser version is 95.0.4638.69 with binary path /Applications/Google Chrome.app/Contents/MacOS/Google Chrome
Build info: version: '3.141.5', revision: 'd54ebd709a', time: '2018-11-06T11:42:16'
System info: host: 'Mds-MacBook-Pro.local', ip: '2601:140:8b00:4090:3af9:d3ff:feb4:59c4%en0', os.name: 'Mac OS X', os.arch: 'x86_64', os.version: '10.16', java.version: '12.0.1'
Driver info: driver.version: ChromeDriver
remote stacktrace: 0   chromedriver                        0x000000010ec536d9 chromedriver + 2758361
1   chromedriver                        0x000000010f306893 chromedriver + 9783443
2   chromedriver                        0x000000010e9dead8 chromedriver + 183000
3   chromedriver                        0x000000010ea047e5 chromedriver + 337893
4   chromedriver                        0x000000010ea00403 chromedriver + 320515
5   chromedriver                        0x000000010e9fcb16 chromedriver + 305942
6   chromedriver                        0x000000010ea35a82 chromedriver + 539266
7   chromedriver                        0x000000010ea2fd43 chromedriver + 515395
8   chromedriver                        0x000000010ea06a0e chromedriver + 346638
9   chromedriver                        0x000000010ea07c75 chromedriver + 351349
10  chromedriver                        0x000000010ec1a1df chromedriver + 2523615
11  chromedriver                        0x000000010ec2c9f2 chromedriver + 2599410
12  chromedriver                        0x000000010ebff02b chromedriver + 2412587
13  chromedriver                        0x000000010ec2de1a chromedriver + 2604570
14  chromedriver                        0x000000010ec0f96c chromedriver + 2480492
15  chromedriver                        0x000000010ec47d38 chromedriver + 2710840
16  chromedriver                        0x000000010ec47ec1 chromedriver + 2711233
17  chromedriver                        0x000000010ec586f8 chromedriver + 2778872
18  libsystem_pthread.dylib             0x00007ff813eda514 _pthread_start + 125
19  libsystem_pthread.dylib             0x00007ff813ed602f thread_start + 15

]]></failure>
    <system-out><![CDATA[[TestNGContentHandler] [WARN] It is strongly recommended to add "<!DOCTYPE suite SYSTEM "https://testng.org/testng-1.0.dtd" >" at the top of your file, otherwise TestNG may fail or not work as expected.

@RegressionTest @WIP
Scenario: User able to create new expense list # src/main/java/Qa/Features/Expense/Expense.feature:5
**********Run before hook***************
https://topabudgetexplorers.com
      org.openqa.selenium.SessionNotCreatedException: session not created: This version of ChromeDriver only supports Chrome version 93
Current browser version is 95.0.4638.69 with binary path /Applications/Google Chrome.app/Contents/MacOS/Google Chrome
Build info: version: '3.141.5', revision: 'd54ebd709a', time: '2018-11-06T11:42:16'
System info: host: 'Mds-MacBook-Pro.local', ip: '2601:140:8b00:4090:3af9:d3ff:feb4:59c4%en0', os.name: 'Mac OS X', os.arch: 'x86_64', os.version: '10.16', java.version: '12.0.1'
Driver info: driver.version: ChromeDriver
remote stacktrace: 0   chromedriver                        0x000000010ec536d9 chromedriver + 2758361
1   chromedriver                        0x000000010f306893 chromedriver + 9783443
2   chromedriver                        0x000000010e9dead8 chromedriver + 183000
3   chromedriver                        0x000000010ea047e5 chromedriver + 337893
4   chromedriver                        0x000000010ea00403 chromedriver + 320515
5   chromedriver                        0x000000010e9fcb16 chromedriver + 305942
6   chromedriver                        0x000000010ea35a82 chromedriver + 539266
7   chromedriver                        0x000000010ea2fd43 chromedriver + 515395
8   chromedriver                        0x000000010ea06a0e chromedriver + 346638
9   chromedriver                        0x000000010ea07c75 chromedriver + 351349
10  chromedriver                        0x000000010ec1a1df chromedriver + 2523615
11  chromedriver                        0x000000010ec2c9f2 chromedriver + 2599410
12  chromedriver                        0x000000010ebff02b chromedriver + 2412587
13  chromedriver                        0x000000010ec2de1a chromedriver + 2604570
14  chromedriver                        0x000000010ec0f96c chromedriver + 2480492
15  chromedriver                        0x000000010ec47d38 chromedriver + 2710840
16  chromedriver                        0x000000010ec47ec1 chromedriver + 2711233
17  chromedriver                        0x000000010ec586f8 chromedriver + 2778872
18  libsystem_pthread.dylib             0x00007ff813eda514 _pthread_start + 125
19  libsystem_pthread.dylib             0x00007ff813ed602f thread_start + 15

	at java.base/jdk.internal.reflect.NativeConstructorAccessorImpl.newInstance0(Native Method)
	at java.base/jdk.internal.reflect.NativeConstructorAccessorImpl.newInstance(NativeConstructorAccessorImpl.java:62)
	at java.base/jdk.internal.reflect.DelegatingConstructorAccessorImpl.newInstance(DelegatingConstructorAccessorImpl.java:45)
	at java.base/java.lang.reflect.Constructor.newInstanceWithCaller(Constructor.java:500)
	at java.base/java.lang.reflect.Constructor.newInstance(Constructor.java:481)
	at org.openqa.selenium.remote.W3CHandshakeResponse.lambda$errorHandler$0(W3CHandshakeResponse.java:62)
	at org.openqa.selenium.remote.HandshakeResponse.lambda$getResponseFunction$0(HandshakeResponse.java:30)
	at org.openqa.selenium.remote.ProtocolHandshake.lambda$createSession$0(ProtocolHandshake.java:123)
	at java.base/java.util.stream.ReferencePipeline$3$1.accept(ReferencePipeline.java:195)
	at java.base/java.util.Spliterators$ArraySpliterator.tryAdvance(Spliterators.java:958)
	at java.base/java.util.stream.ReferencePipeline.forEachWithCancel(ReferencePipeline.java:127)
	at java.base/java.util.stream.AbstractPipeline.copyIntoWithCancel(AbstractPipeline.java:502)
	at java.base/java.util.stream.AbstractPipeline.copyInto(AbstractPipeline.java:488)
	at java.base/java.util.stream.AbstractPipeline.wrapAndCopyInto(AbstractPipeline.java:474)
	at java.base/java.util.stream.FindOps$FindOp.evaluateSequential(FindOps.java:150)
	at java.base/java.util.stream.AbstractPipeline.evaluate(AbstractPipeline.java:234)
	at java.base/java.util.stream.ReferencePipeline.findFirst(ReferencePipeline.java:543)
	at org.openqa.selenium.remote.ProtocolHandshake.createSession(ProtocolHandshake.java:125)
	at org.openqa.selenium.remote.ProtocolHandshake.createSession(ProtocolHandshake.java:74)
	at org.openqa.selenium.remote.HttpCommandExecutor.execute(HttpCommandExecutor.java:136)
	at org.openqa.selenium.remote.service.DriverCommandExecutor.execute(DriverCommandExecutor.java:83)
	at org.openqa.selenium.remote.RemoteWebDriver.execute(RemoteWebDriver.java:552)
	at org.openqa.selenium.remote.RemoteWebDriver.startSession(RemoteWebDriver.java:213)
	at org.openqa.selenium.remote.RemoteWebDriver.<init>(RemoteWebDriver.java:131)
	at org.openqa.selenium.chrome.ChromeDriver.<init>(ChromeDriver.java:181)
	at org.openqa.selenium.chrome.ChromeDriver.<init>(ChromeDriver.java:168)
	at org.openqa.selenium.chrome.ChromeDriver.<init>(ChromeDriver.java:123)
	at Qa.Utility.DriverFactory.initLocalDriver(DriverFactory.java:112)
	at Qa.Stepdefs.Hook.setUp(Hook.java:28)

  Given User is on BudgetExplorer Home Page    # Qa.Stepdefs.Home.HomePageStep.user_is_on_budget_explorer_home_page()
  And User got to Expense page                 # Qa.Stepdefs.Home.HomePageStep.user_got_to_expense_page()
**************Screenshot method**************
      java.lang.NullPointerException
	at Qa.Utility.ScreenshotFactory.CaptureAndEmbedScreenshot(ScreenshotFactory.java:48)
	at Qa.Stepdefs.Hook.tearDown(Hook.java:46)

]]></system-out>
    <system-err><![CDATA[Nov 09, 2021 5:21:10 PM org.springframework.test.context.support.AbstractTestContextBootstrapper getTestExecutionListeners
INFO: Using TestExecutionListeners: [org.springframework.test.context.support.DirtiesContextBeforeModesTestExecutionListener@2f01783a, org.springframework.test.context.support.DependencyInjectionTestExecutionListener@68878f6d, org.springframework.test.context.support.DirtiesContextTestExecutionListener@41488b16, org.springframework.test.context.event.EventPublishingTestExecutionListener@a8ef162]
Nov 09, 2021 5:21:10 PM org.springframework.test.context.support.AbstractTestContextBootstrapper getTestExecutionListeners
INFO: Using TestExecutionListeners: [org.springframework.test.context.support.DirtiesContextBeforeModesTestExecutionListener@256353ce, org.springframework.test.context.support.DependencyInjectionTestExecutionListener@4d1526c9, org.springframework.test.context.support.DirtiesContextTestExecutionListener@12432585, org.springframework.test.context.event.EventPublishingTestExecutionListener@2053263b]
Starting ChromeDriver 93.0.4577.63 (ff5c0da2ec0adeaed5550e6c7e98417dac77d98a-refs/branch-heads/4577@{#1135}) on port 4121
Only local connections are allowed.
Please see https://chromedriver.chromium.org/security-considerations for suggestions on keeping ChromeDriver safe.
ChromeDriver was started successfully.
]]></system-err>
  </testcase>
  <testcase name="runScenario" classname="Qa.CucumberRunner.TestRunner" time="1.532">
    <failure message="session not created: This version of ChromeDriver only supports Chrome version 93&#10;Current browser version is 95.0.4638.69 with binary path /Applications/Google Chrome.app/Contents/MacOS/Google Chrome&#10;Build info: version: &apos;3.141.5&apos;, revision: &apos;d54ebd709a&apos;, time: &apos;2018-11-06T11:42:16&apos;&#10;System info: host: &apos;Mds-MacBook-Pro.local&apos;, ip: &apos;2601:140:8b00:4090:3af9:d3ff:feb4:59c4%en0&apos;, os.name: &apos;Mac OS X&apos;, os.arch: &apos;x86_64&apos;, os.version: &apos;10.16&apos;, java.version: &apos;12.0.1&apos;&#10;Driver info: driver.version: ChromeDriver&#10;remote stacktrace: 0   chromedriver                        0x000000010d0e36d9 chromedriver + 2758361&#10;1   chromedriver                        0x000000010d796893 chromedriver + 9783443&#10;2   chromedriver                        0x000000010ce6ead8 chromedriver + 183000&#10;3   chromedriver                        0x000000010ce947e5 chromedriver + 337893&#10;4   chromedriver                        0x000000010ce90403 chromedriver + 320515&#10;5   chromedriver                        0x000000010ce8cb16 chromedriver + 305942&#10;6   chromedriver                        0x000000010cec5a82 chromedriver + 539266&#10;7   chromedriver                        0x000000010cebfd43 chromedriver + 515395&#10;8   chromedriver                        0x000000010ce96a0e chromedriver + 346638&#10;9   chromedriver                        0x000000010ce97c75 chromedriver + 351349&#10;10  chromedriver                        0x000000010d0aa1df chromedriver + 2523615&#10;11  chromedriver                        0x000000010d0bc9f2 chromedriver + 2599410&#10;12  chromedriver                        0x000000010d08f02b chromedriver + 2412587&#10;13  chromedriver                        0x000000010d0bde1a chromedriver + 2604570&#10;14  chromedriver                        0x000000010d09f96c chromedriver + 2480492&#10;15  chromedriver                        0x000000010d0d7d38 chromedriver + 2710840&#10;16  chromedriver                        0x000000010d0d7ec1 chromedriver + 2711233&#10;17  chromedriver                        0x000000010d0e86f8 chromedriver + 2778872&#10;18  libsystem_pthread.dylib             0x00007ff813eda514 _pthread_start + 125&#10;19  libsystem_pthread.dylib             0x00007ff813ed602f thread_start + 15&#10;" type="org.openqa.selenium.SessionNotCreatedException"><![CDATA[org.openqa.selenium.SessionNotCreatedException: 
session not created: This version of ChromeDriver only supports Chrome version 93
Current browser version is 95.0.4638.69 with binary path /Applications/Google Chrome.app/Contents/MacOS/Google Chrome
Build info: version: '3.141.5', revision: 'd54ebd709a', time: '2018-11-06T11:42:16'
System info: host: 'Mds-MacBook-Pro.local', ip: '2601:140:8b00:4090:3af9:d3ff:feb4:59c4%en0', os.name: 'Mac OS X', os.arch: 'x86_64', os.version: '10.16', java.version: '12.0.1'
Driver info: driver.version: ChromeDriver
remote stacktrace: 0   chromedriver                        0x000000010d0e36d9 chromedriver + 2758361
1   chromedriver                        0x000000010d796893 chromedriver + 9783443
2   chromedriver                        0x000000010ce6ead8 chromedriver + 183000
3   chromedriver                        0x000000010ce947e5 chromedriver + 337893
4   chromedriver                        0x000000010ce90403 chromedriver + 320515
5   chromedriver                        0x000000010ce8cb16 chromedriver + 305942
6   chromedriver                        0x000000010cec5a82 chromedriver + 539266
7   chromedriver                        0x000000010cebfd43 chromedriver + 515395
8   chromedriver                        0x000000010ce96a0e chromedriver + 346638
9   chromedriver                        0x000000010ce97c75 chromedriver + 351349
10  chromedriver                        0x000000010d0aa1df chromedriver + 2523615
11  chromedriver                        0x000000010d0bc9f2 chromedriver + 2599410
12  chromedriver                        0x000000010d08f02b chromedriver + 2412587
13  chromedriver                        0x000000010d0bde1a chromedriver + 2604570
14  chromedriver                        0x000000010d09f96c chromedriver + 2480492
15  chromedriver                        0x000000010d0d7d38 chromedriver + 2710840
16  chromedriver                        0x000000010d0d7ec1 chromedriver + 2711233
17  chromedriver                        0x000000010d0e86f8 chromedriver + 2778872
18  libsystem_pthread.dylib             0x00007ff813eda514 _pthread_start + 125
19  libsystem_pthread.dylib             0x00007ff813ed602f thread_start + 15

]]></failure>
    <system-out><![CDATA[
@RegressionTest @WIP
Scenario: User able to view all the Expense List                      # src/main/java/Qa/Features/Expense/Expense.feature:13
**********Run before hook***************
https://topabudgetexplorers.com
      org.openqa.selenium.SessionNotCreatedException: session not created: This version of ChromeDriver only supports Chrome version 93
Current browser version is 95.0.4638.69 with binary path /Applications/Google Chrome.app/Contents/MacOS/Google Chrome
Build info: version: '3.141.5', revision: 'd54ebd709a', time: '2018-11-06T11:42:16'
System info: host: 'Mds-MacBook-Pro.local', ip: '2601:140:8b00:4090:3af9:d3ff:feb4:59c4%en0', os.name: 'Mac OS X', os.arch: 'x86_64', os.version: '10.16', java.version: '12.0.1'
Driver info: driver.version: ChromeDriver
remote stacktrace: 0   chromedriver                        0x000000010d0e36d9 chromedriver + 2758361
1   chromedriver                        0x000000010d796893 chromedriver + 9783443
2   chromedriver                        0x000000010ce6ead8 chromedriver + 183000
3   chromedriver                        0x000000010ce947e5 chromedriver + 337893
4   chromedriver                        0x000000010ce90403 chromedriver + 320515
5   chromedriver                        0x000000010ce8cb16 chromedriver + 305942
6   chromedriver                        0x000000010cec5a82 chromedriver + 539266
7   chromedriver                        0x000000010cebfd43 chromedriver + 515395
8   chromedriver                        0x000000010ce96a0e chromedriver + 346638
9   chromedriver                        0x000000010ce97c75 chromedriver + 351349
10  chromedriver                        0x000000010d0aa1df chromedriver + 2523615
11  chromedriver                        0x000000010d0bc9f2 chromedriver + 2599410
12  chromedriver                        0x000000010d08f02b chromedriver + 2412587
13  chromedriver                        0x000000010d0bde1a chromedriver + 2604570
14  chromedriver                        0x000000010d09f96c chromedriver + 2480492
15  chromedriver                        0x000000010d0d7d38 chromedriver + 2710840
16  chromedriver                        0x000000010d0d7ec1 chromedriver + 2711233
17  chromedriver                        0x000000010d0e86f8 chromedriver + 2778872
18  libsystem_pthread.dylib             0x00007ff813eda514 _pthread_start + 125
19  libsystem_pthread.dylib             0x00007ff813ed602f thread_start + 15

	at java.base/jdk.internal.reflect.NativeConstructorAccessorImpl.newInstance0(Native Method)
	at java.base/jdk.internal.reflect.NativeConstructorAccessorImpl.newInstance(NativeConstructorAccessorImpl.java:62)
	at java.base/jdk.internal.reflect.DelegatingConstructorAccessorImpl.newInstance(DelegatingConstructorAccessorImpl.java:45)
	at java.base/java.lang.reflect.Constructor.newInstanceWithCaller(Constructor.java:500)
	at java.base/java.lang.reflect.Constructor.newInstance(Constructor.java:481)
	at org.openqa.selenium.remote.W3CHandshakeResponse.lambda$errorHandler$0(W3CHandshakeResponse.java:62)
	at org.openqa.selenium.remote.HandshakeResponse.lambda$getResponseFunction$0(HandshakeResponse.java:30)
	at org.openqa.selenium.remote.ProtocolHandshake.lambda$createSession$0(ProtocolHandshake.java:123)
	at java.base/java.util.stream.ReferencePipeline$3$1.accept(ReferencePipeline.java:195)
	at java.base/java.util.Spliterators$ArraySpliterator.tryAdvance(Spliterators.java:958)
	at java.base/java.util.stream.ReferencePipeline.forEachWithCancel(ReferencePipeline.java:127)
	at java.base/java.util.stream.AbstractPipeline.copyIntoWithCancel(AbstractPipeline.java:502)
	at java.base/java.util.stream.AbstractPipeline.copyInto(AbstractPipeline.java:488)
	at java.base/java.util.stream.AbstractPipeline.wrapAndCopyInto(AbstractPipeline.java:474)
	at java.base/java.util.stream.FindOps$FindOp.evaluateSequential(FindOps.java:150)
	at java.base/java.util.stream.AbstractPipeline.evaluate(AbstractPipeline.java:234)
	at java.base/java.util.stream.ReferencePipeline.findFirst(ReferencePipeline.java:543)
	at org.openqa.selenium.remote.ProtocolHandshake.createSession(ProtocolHandshake.java:125)
	at org.openqa.selenium.remote.ProtocolHandshake.createSession(ProtocolHandshake.java:74)
	at org.openqa.selenium.remote.HttpCommandExecutor.execute(HttpCommandExecutor.java:136)
	at org.openqa.selenium.remote.service.DriverCommandExecutor.execute(DriverCommandExecutor.java:83)
	at org.openqa.selenium.remote.RemoteWebDriver.execute(RemoteWebDriver.java:552)
	at org.openqa.selenium.remote.RemoteWebDriver.startSession(RemoteWebDriver.java:213)
	at org.openqa.selenium.remote.RemoteWebDriver.<init>(RemoteWebDriver.java:131)
	at org.openqa.selenium.chrome.ChromeDriver.<init>(ChromeDriver.java:181)
	at org.openqa.selenium.chrome.ChromeDriver.<init>(ChromeDriver.java:168)
	at org.openqa.selenium.chrome.ChromeDriver.<init>(ChromeDriver.java:123)
	at Qa.Utility.DriverFactory.initLocalDriver(DriverFactory.java:112)
	at Qa.Stepdefs.Hook.setUp(Hook.java:28)

  Given User is on BudgetExplorer Home Page                           # Qa.Stepdefs.Home.HomePageStep.user_is_on_budget_explorer_home_page()
  And User got to Expense page                                        # Qa.Stepdefs.Home.HomePageStep.user_got_to_expense_page()
  When User Log In with valid User "Topa" and valid password "tishan" # Qa.Stepdefs.Expense.ExpensePageSteps.user_log_in_with_valid_user_and_valid_password(java.lang.String,java.lang.String)
  And User able to log in and land on Expense page                    # Qa.Stepdefs.Expense.ExpensePageSteps.user_able_to_log_in_and_land_on_expense_page()
  When User open list table                                           # Qa.Stepdefs.Expense.ExpensePageSteps.user_open_list_table()
**************Screenshot method**************
      java.lang.NullPointerException
	at Qa.Utility.ScreenshotFactory.CaptureAndEmbedScreenshot(ScreenshotFactory.java:48)
	at Qa.Stepdefs.Hook.tearDown(Hook.java:46)

]]></system-out>
    <system-err><![CDATA[Starting ChromeDriver 93.0.4577.63 (ff5c0da2ec0adeaed5550e6c7e98417dac77d98a-refs/branch-heads/4577@{#1135}) on port 33353
Only local connections are allowed.
Please see https://chromedriver.chromium.org/security-considerations for suggestions on keeping ChromeDriver safe.
ChromeDriver was started successfully.
]]></system-err>
  </testcase>
</testsuite>